<?xml version="1.0" encoding="UTF-8"?>
<robot generator="Robot 3.2.1 (Python 3.7.3 on darwin)" generated="20200531 12:04:23.528" rpa="false">
<suite id="s1" name="Test" source="/Users/mineralmink/Downloads/wechallenged-qa/Test/test.robot">
<test id="s1-t1" name="Test Case: Discover page can be opened">
<kw name="Open Discover">
<kw name="Open Browser" library="SeleniumLibrary">
<doc>Opens a new browser instance to the optional ``url``.</doc>
<arguments>
<arg>${URL}</arg>
<arg>${BROWSER}</arg>
</arguments>
<msg timestamp="20200531 12:04:24.219" level="INFO">Opening browser 'chrome' to base url 'localhost:3000'.</msg>
<status status="PASS" starttime="20200531 12:04:24.218" endtime="20200531 12:04:31.268"></status>
</kw>
<kw name="Maximize Browser Window" library="SeleniumLibrary">
<doc>Maximizes current browser window.</doc>
<status status="PASS" starttime="20200531 12:04:31.269" endtime="20200531 12:04:31.890"></status>
</kw>
<status status="PASS" starttime="20200531 12:04:24.218" endtime="20200531 12:04:31.890"></status>
</kw>
<kw name="Close">
<kw name="Close Browser" library="SeleniumLibrary">
<doc>Closes the current browser.</doc>
<status status="PASS" starttime="20200531 12:04:31.894" endtime="20200531 12:04:32.123"></status>
</kw>
<status status="PASS" starttime="20200531 12:04:31.891" endtime="20200531 12:04:32.123"></status>
</kw>
<status status="PASS" starttime="20200531 12:04:24.216" endtime="20200531 12:04:32.124" critical="yes"></status>
</test>
<test id="s1-t2" name="Test Case: Go To UserProfile With Profile Picture And Back">
<kw name="Open Discover">
<kw name="Open Browser" library="SeleniumLibrary">
<doc>Opens a new browser instance to the optional ``url``.</doc>
<arguments>
<arg>${URL}</arg>
<arg>${BROWSER}</arg>
</arguments>
<msg timestamp="20200531 12:04:32.129" level="INFO">Opening browser 'chrome' to base url 'localhost:3000'.</msg>
<status status="PASS" starttime="20200531 12:04:32.128" endtime="20200531 12:04:37.062"></status>
</kw>
<kw name="Maximize Browser Window" library="SeleniumLibrary">
<doc>Maximizes current browser window.</doc>
<status status="PASS" starttime="20200531 12:04:37.063" endtime="20200531 12:04:37.580"></status>
</kw>
<status status="PASS" starttime="20200531 12:04:32.127" endtime="20200531 12:04:37.581"></status>
</kw>
<kw name="Open User Profile Page Via Profile Picture">
<kw name="Click Image" library="SeleniumLibrary">
<doc>Clicks an image identified by ``locator``.</doc>
<arguments>
<arg>id=user_profile</arg>
</arguments>
<msg timestamp="20200531 12:04:37.588" level="INFO">Clicking image 'id=user_profile'.</msg>
<status status="PASS" starttime="20200531 12:04:37.587" endtime="20200531 12:04:38.762"></status>
</kw>
<status status="PASS" starttime="20200531 12:04:37.582" endtime="20200531 12:04:38.768"></status>
</kw>
<kw name="Go Back To Discover Page">
<kw name="Click Image" library="SeleniumLibrary">
<doc>Clicks an image identified by ``locator``.</doc>
<arguments>
<arg>id=back_to_main</arg>
</arguments>
<msg timestamp="20200531 12:04:38.774" level="INFO">Clicking image 'id=back_to_main'.</msg>
<status status="PASS" starttime="20200531 12:04:38.774" endtime="20200531 12:04:39.479"></status>
</kw>
<status status="PASS" starttime="20200531 12:04:38.771" endtime="20200531 12:04:39.480"></status>
</kw>
<kw name="Close">
<kw name="Close Browser" library="SeleniumLibrary">
<doc>Closes the current browser.</doc>
<status status="PASS" starttime="20200531 12:04:39.481" endtime="20200531 12:04:39.675"></status>
</kw>
<status status="PASS" starttime="20200531 12:04:39.480" endtime="20200531 12:04:39.675"></status>
</kw>
<status status="PASS" starttime="20200531 12:04:32.126" endtime="20200531 12:04:39.675" critical="yes"></status>
</test>
<test id="s1-t3" name="Test Case: Go To UserProfile With Username And Back">
<kw name="Open Discover">
<kw name="Open Browser" library="SeleniumLibrary">
<doc>Opens a new browser instance to the optional ``url``.</doc>
<arguments>
<arg>${URL}</arg>
<arg>${BROWSER}</arg>
</arguments>
<msg timestamp="20200531 12:04:39.680" level="INFO">Opening browser 'chrome' to base url 'localhost:3000'.</msg>
<status status="PASS" starttime="20200531 12:04:39.679" endtime="20200531 12:04:43.902"></status>
</kw>
<kw name="Maximize Browser Window" library="SeleniumLibrary">
<doc>Maximizes current browser window.</doc>
<status status="PASS" starttime="20200531 12:04:43.903" endtime="20200531 12:04:44.359"></status>
</kw>
<status status="PASS" starttime="20200531 12:04:39.678" endtime="20200531 12:04:44.360"></status>
</kw>
<kw name="Open User Profile Page Via Username">
<kw name="Click Element" library="SeleniumLibrary">
<doc>Click the element identified by ``locator``.</doc>
<arguments>
<arg>id=user_name</arg>
</arguments>
<msg timestamp="20200531 12:04:44.365" level="INFO">Clicking element 'id=user_name'.</msg>
<status status="PASS" starttime="20200531 12:04:44.363" endtime="20200531 12:04:45.117"></status>
</kw>
<status status="PASS" starttime="20200531 12:04:44.361" endtime="20200531 12:04:45.118"></status>
</kw>
<kw name="Go Back To Discover Page">
<kw name="Click Image" library="SeleniumLibrary">
<doc>Clicks an image identified by ``locator``.</doc>
<arguments>
<arg>id=back_to_main</arg>
</arguments>
<msg timestamp="20200531 12:04:45.122" level="INFO">Clicking image 'id=back_to_main'.</msg>
<status status="PASS" starttime="20200531 12:04:45.120" endtime="20200531 12:04:45.962"></status>
</kw>
<status status="PASS" starttime="20200531 12:04:45.119" endtime="20200531 12:04:45.962"></status>
</kw>
<kw name="Close">
<kw name="Close Browser" library="SeleniumLibrary">
<doc>Closes the current browser.</doc>
<status status="PASS" starttime="20200531 12:04:45.964" endtime="20200531 12:04:46.198"></status>
</kw>
<status status="PASS" starttime="20200531 12:04:45.963" endtime="20200531 12:04:46.199"></status>
</kw>
<status status="PASS" starttime="20200531 12:04:39.677" endtime="20200531 12:04:46.199" critical="yes"></status>
</test>
<status status="PASS" starttime="20200531 12:04:23.534" endtime="20200531 12:04:46.201"></status>
</suite>
<statistics>
<total>
<stat pass="3" fail="0">Critical Tests</stat>
<stat pass="3" fail="0">All Tests</stat>
</total>
<tag>
</tag>
<suite>
<stat pass="3" fail="0" id="s1" name="Test">Test</stat>
</suite>
</statistics>
<errors>
</errors>
</robot>
