<?xml version="1.0" encoding="UTF-8"?>
<robot generator="Robot 3.2.1 (Python 3.7.3 on darwin)" generated="20200530 20:47:57.106" rpa="false">
<suite id="s1" name="Test" source="/Users/mineralmink/Downloads/wechallenged-qa/test.robot">
<test id="s1-t1" name="Test Case: Go To UserProfile With Profile Picture And Back">
<kw name="Open Discover">
<kw name="Open Browser" library="SeleniumLibrary">
<doc>Opens a new browser instance to the optional ``url``.</doc>
<arguments>
<arg>${URL}</arg>
<arg>${BROWSER}</arg>
</arguments>
<msg timestamp="20200530 20:47:57.354" level="INFO">Opening browser 'chrome' to base url 'localhost:3000'.</msg>
<status status="PASS" starttime="20200530 20:47:57.354" endtime="20200530 20:48:00.241"></status>
</kw>
<kw name="Maximize Browser Window" library="SeleniumLibrary">
<doc>Maximizes current browser window.</doc>
<status status="PASS" starttime="20200530 20:48:00.242" endtime="20200530 20:48:00.591"></status>
</kw>
<status status="PASS" starttime="20200530 20:47:57.353" endtime="20200530 20:48:00.592"></status>
</kw>
<kw name="Open User Profile Page Via Profile Picture">
<kw name="Click Image" library="SeleniumLibrary">
<doc>Clicks an image identified by ``locator``.</doc>
<arguments>
<arg>id=user_profile</arg>
</arguments>
<msg timestamp="20200530 20:48:00.599" level="INFO">Clicking image 'id=user_profile'.</msg>
<status status="PASS" starttime="20200530 20:48:00.597" endtime="20200530 20:48:01.116"></status>
</kw>
<status status="PASS" starttime="20200530 20:48:00.594" endtime="20200530 20:48:01.116"></status>
</kw>
<kw name="Go Back To Discover Page">
<kw name="Click Image" library="SeleniumLibrary">
<doc>Clicks an image identified by ``locator``.</doc>
<arguments>
<arg>id=back_to_main</arg>
</arguments>
<msg timestamp="20200530 20:48:01.118" level="INFO">Clicking image 'id=back_to_main'.</msg>
<status status="PASS" starttime="20200530 20:48:01.117" endtime="20200530 20:48:01.366"></status>
</kw>
<status status="PASS" starttime="20200530 20:48:01.117" endtime="20200530 20:48:01.367"></status>
</kw>
<kw name="Close">
<kw name="Close Browser" library="SeleniumLibrary">
<doc>Closes the current browser.</doc>
<status status="PASS" starttime="20200530 20:48:01.368" endtime="20200530 20:48:01.562"></status>
</kw>
<status status="PASS" starttime="20200530 20:48:01.367" endtime="20200530 20:48:01.562"></status>
</kw>
<status status="PASS" starttime="20200530 20:47:57.352" endtime="20200530 20:48:01.562" critical="yes"></status>
</test>
<test id="s1-t2" name="Test Case: Go To UserProfile With Username And Back">
<kw name="Open Discover">
<kw name="Open Browser" library="SeleniumLibrary">
<doc>Opens a new browser instance to the optional ``url``.</doc>
<arguments>
<arg>${URL}</arg>
<arg>${BROWSER}</arg>
</arguments>
<msg timestamp="20200530 20:48:01.566" level="INFO">Opening browser 'chrome' to base url 'localhost:3000'.</msg>
<status status="PASS" starttime="20200530 20:48:01.565" endtime="20200530 20:48:04.981"></status>
</kw>
<kw name="Maximize Browser Window" library="SeleniumLibrary">
<doc>Maximizes current browser window.</doc>
<status status="PASS" starttime="20200530 20:48:04.982" endtime="20200530 20:48:05.256"></status>
</kw>
<status status="PASS" starttime="20200530 20:48:01.564" endtime="20200530 20:48:05.257"></status>
</kw>
<kw name="Open User Profile Page Via Username">
<kw name="Click Element" library="SeleniumLibrary">
<doc>Click the element identified by ``locator``.</doc>
<arguments>
<arg>id=user_name</arg>
</arguments>
<msg timestamp="20200530 20:48:05.259" level="INFO">Clicking element 'id=user_name'.</msg>
<status status="PASS" starttime="20200530 20:48:05.258" endtime="20200530 20:48:05.773"></status>
</kw>
<status status="PASS" starttime="20200530 20:48:05.257" endtime="20200530 20:48:05.773"></status>
</kw>
<kw name="Go Back To Discover Page">
<kw name="Click Image" library="SeleniumLibrary">
<doc>Clicks an image identified by ``locator``.</doc>
<arguments>
<arg>id=back_to_main</arg>
</arguments>
<msg timestamp="20200530 20:48:05.774" level="INFO">Clicking image 'id=back_to_main'.</msg>
<status status="PASS" starttime="20200530 20:48:05.774" endtime="20200530 20:48:06.062"></status>
</kw>
<status status="PASS" starttime="20200530 20:48:05.773" endtime="20200530 20:48:06.063"></status>
</kw>
<kw name="Close">
<kw name="Close Browser" library="SeleniumLibrary">
<doc>Closes the current browser.</doc>
<status status="PASS" starttime="20200530 20:48:06.068" endtime="20200530 20:48:06.212"></status>
</kw>
<status status="PASS" starttime="20200530 20:48:06.065" endtime="20200530 20:48:06.212"></status>
</kw>
<status status="PASS" starttime="20200530 20:48:01.563" endtime="20200530 20:48:06.213" critical="yes"></status>
</test>
<status status="PASS" starttime="20200530 20:47:57.108" endtime="20200530 20:48:06.215"></status>
</suite>
<statistics>
<total>
<stat pass="2" fail="0">Critical Tests</stat>
<stat pass="2" fail="0">All Tests</stat>
</total>
<tag>
</tag>
<suite>
<stat pass="2" fail="0" id="s1" name="Test">Test</stat>
</suite>
</statistics>
<errors>
</errors>
</robot>
