<?xml version="1.0" encoding="UTF-8"?>
<robot generator="Robot 3.2.1 (Python 3.7.3 on darwin)" generated="20200530 19:41:03.176" rpa="false">
<suite id="s1" name="Test" source="/Users/mineralmink/Downloads/wechallenged-qa/test.robot">
<test id="s1-t1" name="Search">
<kw name="Open Discover">
<kw name="Open Browser" library="SeleniumLibrary">
<doc>Opens a new browser instance to the optional ``url``.</doc>
<arguments>
<arg>${URL}</arg>
<arg>${BROWSER}</arg>
</arguments>
<msg timestamp="20200530 19:41:03.447" level="INFO">Opening browser 'chrome' to base url 'localhost:3000'.</msg>
<status status="PASS" starttime="20200530 19:41:03.446" endtime="20200530 19:41:06.725"></status>
</kw>
<kw name="Maximize Browser Window" library="SeleniumLibrary">
<doc>Maximizes current browser window.</doc>
<status status="PASS" starttime="20200530 19:41:06.728" endtime="20200530 19:41:07.167"></status>
</kw>
<status status="PASS" starttime="20200530 19:41:03.445" endtime="20200530 19:41:07.170"></status>
</kw>
<kw name="Close">
<kw name="Close Browser" library="SeleniumLibrary">
<doc>Closes the current browser.</doc>
<status status="PASS" starttime="20200530 19:41:07.174" endtime="20200530 19:41:07.342"></status>
</kw>
<status status="PASS" starttime="20200530 19:41:07.172" endtime="20200530 19:41:07.343"></status>
</kw>
<status status="PASS" starttime="20200530 19:41:03.445" endtime="20200530 19:41:07.344" critical="yes"></status>
</test>
<status status="PASS" starttime="20200530 19:41:03.178" endtime="20200530 19:41:07.348"></status>
</suite>
<statistics>
<total>
<stat pass="1" fail="0">Critical Tests</stat>
<stat pass="1" fail="0">All Tests</stat>
</total>
<tag>
</tag>
<suite>
<stat pass="1" fail="0" id="s1" name="Test">Test</stat>
</suite>
</statistics>
<errors>
</errors>
</robot>
